2024-10-12 15:47:54.291  INFO 3396 --- [restartedMain] i.g.c.m.MsavaliadorcreditoApplication    : Starting MsavaliadorcreditoApplication using Java 17.0.8.1 on Ar2 with PID 3396 (C:\codej\curso microservices\msavaliadorcredito\target\classes started by ahjot in C:\codej\curso microservices\msavaliadorcredito)
2024-10-12 15:47:54.304  INFO 3396 --- [restartedMain] i.g.c.m.MsavaliadorcreditoApplication    : No active profile set, falling back to 1 default profile: "default"
2024-10-12 15:47:54.461  INFO 3396 --- [restartedMain] .e.DevToolsPropertyDefaultsPostProcessor : Devtools property defaults active! Set 'spring.devtools.add-properties' to 'false' to disable
2024-10-12 15:47:54.461  INFO 3396 --- [restartedMain] .e.DevToolsPropertyDefaultsPostProcessor : For additional web related logging consider setting the 'logging.level.web' property to 'DEBUG'
2024-10-12 15:47:57.489  INFO 3396 --- [restartedMain] o.s.cloud.context.scope.GenericScope     : BeanFactory id=bbde0b52-d6ea-3098-83ee-b36f5618ab82
2024-10-12 15:47:58.680  INFO 3396 --- [restartedMain] o.s.b.w.embedded.tomcat.TomcatWebServer  : Tomcat initialized with port(s): 0 (http)
2024-10-12 15:47:58.696  INFO 3396 --- [restartedMain] o.apache.catalina.core.StandardService   : Starting service [Tomcat]
2024-10-12 15:47:58.697  INFO 3396 --- [restartedMain] org.apache.catalina.core.StandardEngine  : Starting Servlet engine: [Apache Tomcat/9.0.63]
2024-10-12 15:47:58.930  INFO 3396 --- [restartedMain] o.a.c.c.C.[Tomcat].[localhost].[/]       : Initializing Spring embedded WebApplicationContext
2024-10-12 15:47:58.931  INFO 3396 --- [restartedMain] w.s.c.ServletWebServerApplicationContext : Root WebApplicationContext: initialization completed in 4468 ms
2024-10-12 15:47:59.765  WARN 3396 --- [restartedMain] o.s.b.d.a.OptionalLiveReloadServer       : Unable to start LiveReload server
2024-10-12 15:47:59.886  INFO 3396 --- [restartedMain] o.s.c.openfeign.FeignClientFactoryBean   : For 'msclientes' URL not provided. Will try picking an instance via load-balancing.
2024-10-12 15:48:00.042  INFO 3396 --- [restartedMain] o.s.c.openfeign.FeignClientFactoryBean   : For 'mscartoes' URL not provided. Will try picking an instance via load-balancing.
2024-10-12 15:48:03.325  INFO 3396 --- [restartedMain] DiscoveryClientOptionalArgsConfiguration : Eureka HTTP Client uses RestTemplate.
2024-10-12 15:48:03.401  WARN 3396 --- [restartedMain] iguration$LoadBalancerCaffeineWarnLogger : Spring Cloud LoadBalancer is currently working with the default cache. While this cache implementation is useful for development and tests, it's recommended to use Caffeine cache in production.You can switch to using Caffeine cache, by adding it and org.springframework.cache.caffeine.CaffeineCacheManager to the classpath.
2024-10-12 15:48:03.418  INFO 3396 --- [restartedMain] o.s.b.a.e.web.EndpointLinksResolver      : Exposing 17 endpoint(s) beneath base path '/actuator'
2024-10-12 15:48:03.532  INFO 3396 --- [restartedMain] o.s.b.w.embedded.tomcat.TomcatWebServer  : Tomcat started on port(s): 54110 (http) with context path ''
2024-10-12 15:48:03.537  INFO 3396 --- [restartedMain] .s.c.n.e.s.EurekaAutoServiceRegistration : Updating port to 54110
2024-10-12 15:48:03.550  INFO 3396 --- [restartedMain] o.s.c.n.eureka.InstanceInfoFactory       : Setting initial instance status as: STARTING
2024-10-12 15:48:03.737  INFO 3396 --- [restartedMain] com.netflix.discovery.DiscoveryClient    : Initializing Eureka in region us-east-1
2024-10-12 15:48:03.749  INFO 3396 --- [restartedMain] c.n.d.s.r.aws.ConfigClusterResolver      : Resolving eureka endpoints via configuration
2024-10-12 15:48:03.803  INFO 3396 --- [restartedMain] com.netflix.discovery.DiscoveryClient    : Disable delta property : false
2024-10-12 15:48:03.803  INFO 3396 --- [restartedMain] com.netflix.discovery.DiscoveryClient    : Single vip registry refresh property : null
2024-10-12 15:48:03.803  INFO 3396 --- [restartedMain] com.netflix.discovery.DiscoveryClient    : Force full registry fetch : false
2024-10-12 15:48:03.803  INFO 3396 --- [restartedMain] com.netflix.discovery.DiscoveryClient    : Application is null : false
2024-10-12 15:48:03.804  INFO 3396 --- [restartedMain] com.netflix.discovery.DiscoveryClient    : Registered Applications size is zero : true
2024-10-12 15:48:03.804  INFO 3396 --- [restartedMain] com.netflix.discovery.DiscoveryClient    : Application version is -1: true
2024-10-12 15:48:03.804  INFO 3396 --- [restartedMain] com.netflix.discovery.DiscoveryClient    : Getting all instance registry info from the eureka server
2024-10-12 15:48:04.393  INFO 3396 --- [restartedMain] com.netflix.discovery.DiscoveryClient    : The response status is 200
2024-10-12 15:48:04.400  INFO 3396 --- [restartedMain] com.netflix.discovery.DiscoveryClient    : Starting heartbeat executor: renew interval is: 30
2024-10-12 15:48:04.404  INFO 3396 --- [restartedMain] c.n.discovery.InstanceInfoReplicator     : InstanceInfoReplicator onDemand update allowed rate per min is 4
2024-10-12 15:48:04.416  INFO 3396 --- [restartedMain] com.netflix.discovery.DiscoveryClient    : Discovery Client initialized at timestamp 1728758884414 with initial instances count: 1
2024-10-12 15:48:04.419  INFO 3396 --- [restartedMain] o.s.c.n.e.s.EurekaServiceRegistry        : Registering application MSAVALIADORCREDITO with eureka with status UP
2024-10-12 15:48:04.421  INFO 3396 --- [restartedMain] com.netflix.discovery.DiscoveryClient    : Saw local status change event StatusChangeEvent [timestamp=1728758884421, current=UP, previous=STARTING]
2024-10-12 15:48:04.423  INFO 3396 --- [DiscoveryClient-InstanceInfoReplicator-0] com.netflix.discovery.DiscoveryClient    : DiscoveryClient_MSAVALIADORCREDITO/msavaliadorcredito:b3b2456ec7cd34768da80153a1dd84f0: registering service...
2024-10-12 15:48:04.707  INFO 3396 --- [DiscoveryClient-InstanceInfoReplicator-0] com.netflix.discovery.DiscoveryClient    : DiscoveryClient_MSAVALIADORCREDITO/msavaliadorcredito:b3b2456ec7cd34768da80153a1dd84f0 - registration status: 204
2024-10-12 15:48:04.789  INFO 3396 --- [restartedMain] i.g.c.m.MsavaliadorcreditoApplication    : Started MsavaliadorcreditoApplication in 11.755 seconds (JVM running for 13.405)
2024-10-12 15:53:03.814  INFO 3396 --- [AsyncResolver-bootstrap-executor-0] c.n.d.s.r.aws.ConfigClusterResolver      : Resolving eureka endpoints via configuration
2024-10-12 15:58:03.831  INFO 3396 --- [AsyncResolver-bootstrap-executor-0] c.n.d.s.r.aws.ConfigClusterResolver      : Resolving eureka endpoints via configuration
2024-10-12 16:03:03.846  INFO 3396 --- [AsyncResolver-bootstrap-executor-0] c.n.d.s.r.aws.ConfigClusterResolver      : Resolving eureka endpoints via configuration
2024-10-12 16:08:03.851  INFO 3396 --- [AsyncResolver-bootstrap-executor-0] c.n.d.s.r.aws.ConfigClusterResolver      : Resolving eureka endpoints via configuration
